<?xml version="1.0" encoding="UTF-8"?>
<testng-results ignored="0" total="1" passed="1" failed="0" skipped="0">
  <reporter-output>
  </reporter-output>
  <suite started-at="2021-12-14T10:33:43 EST" name="Command line suite" finished-at="2021-12-14T10:33:54 EST" duration-ms="10825">
    <groups>
      <group name="cucumber">
        <method signature="AbstractTestNGCucumberTests.runScenario(io.cucumber.testng.PickleWrapper,io.cucumber.testng.FeatureWrapper)[pri:0, instance:com.united.runner_test.RunnerTest@1e67a849]" name="runScenario" class="io.cucumber.testng.AbstractTestNGCucumberTests"/>
        <method signature="AbstractTestNGCucumberTests.runScenario(io.cucumber.testng.PickleWrapper,io.cucumber.testng.FeatureWrapper)[pri:0, instance:com.united.runner_test.Runner_Test@275710fc]" name="runScenario" class="io.cucumber.testng.AbstractTestNGCucumberTests"/>
      </group> <!-- cucumber -->
    </groups>
    <test started-at="2021-12-14T10:33:43 EST" name="Command line test" finished-at="2021-12-14T10:33:54 EST" duration-ms="10825">
      <class name="com.united.runner_test.RunnerTest">
        <test-method is-config="true" signature="setUpClass(org.testng.ITestContext)[pri:0, instance:com.united.runner_test.RunnerTest@1e67a849]" started-at="2021-12-14T10:33:43 EST" name="setUpClass" finished-at="2021-12-14T10:33:44 EST" duration-ms="578" status="PASS">
          <params>
            <param index="0">
              <value>
                <![CDATA[org.testng.TestRunner@721d5b74]]>
              </value>
            </param>
          </params>
          <reporter-output>
          </reporter-output>
        </test-method> <!-- setUpClass -->
        <test-method signature="runScenario(io.cucumber.testng.PickleWrapper,io.cucumber.testng.FeatureWrapper)[pri:0, instance:com.united.runner_test.RunnerTest@1e67a849]" started-at="2021-12-14T10:33:44 EST" name="runScenario" description="Runs Cucumber Scenarios" data-provider="scenarios" finished-at="2021-12-14T10:33:52 EST" duration-ms="8403" status="PASS">
          <params>
            <param index="0">
              <value>
                <![CDATA["As a user I should see the application loaded properly"]]>
              </value>
            </param>
            <param index="1">
              <value>
                <![CDATA["Optional[The application loaded]"]]>
              </value>
            </param>
          </params>
          <reporter-output>
          </reporter-output>
        </test-method> <!-- runScenario -->
        <test-method is-config="true" signature="tearDownClass()[pri:0, instance:com.united.runner_test.RunnerTest@1e67a849]" started-at="2021-12-14T10:33:52 EST" name="tearDownClass" finished-at="2021-12-14T10:33:54 EST" duration-ms="1227" status="PASS">
          <reporter-output>
          </reporter-output>
        </test-method> <!-- tearDownClass -->
      </class> <!-- com.united.runner_test.RunnerTest -->
      <class name="com.united.runner_test.Runner_Test">
        <test-method is-config="true" signature="setUpClass(org.testng.ITestContext)[pri:0, instance:com.united.runner_test.Runner_Test@275710fc]" started-at="2021-12-14T10:33:54 EST" name="setUpClass" finished-at="2021-12-14T10:33:54 EST" duration-ms="87" status="PASS">
          <params>
            <param index="0">
              <value>
                <![CDATA[org.testng.TestRunner@721d5b74]]>
              </value>
            </param>
          </params>
          <reporter-output>
          </reporter-output>
        </test-method> <!-- setUpClass -->
        <test-method is-config="true" signature="tearDownClass()[pri:0, instance:com.united.runner_test.Runner_Test@275710fc]" started-at="2021-12-14T10:33:54 EST" name="tearDownClass" finished-at="2021-12-14T10:33:54 EST" duration-ms="502" status="PASS">
          <reporter-output>
          </reporter-output>
        </test-method> <!-- tearDownClass -->
      </class> <!-- com.united.runner_test.Runner_Test -->
    </test> <!-- Command line test -->
  </suite> <!-- Command line suite -->
</testng-results>
